C:\Program Files (x86)\Microsoft Visual Studio\2019\Community\MSBuild\Microsoft\VC\v160\Microsoft.CppBuild.targets(513,5): warning MSB8028: The intermediate directory (Debug\) contains files shared from another project (PhatNgo_SuperMarioBros3.vcxproj).  This can lead to incorrect clean and rebuild behavior.
  Card.cpp
  Coin.cpp
  FirePiranhaPlant.cpp
  FlashAnimationBrick.cpp
  Game.cpp
  Goomba.cpp
  Koopas.cpp
  Mario.cpp
  Mushroom.cpp
  Piece.cpp
  PlayScence.cpp
D:\school\game\gamee\Super-Mario-DX10\Super-Mario-DX10\PlayScence.cpp(150,20): warning C4018: '<': signed/unsigned mismatch
D:\school\game\gamee\Super-Mario-DX10\Super-Mario-DX10\PlayScence.cpp(173,20): warning C4018: '<': signed/unsigned mismatch
D:\school\game\gamee\Super-Mario-DX10\Super-Mario-DX10\PlayScence.cpp(211,12): warning C4244: '=': conversion from 'double' to 'float', possible loss of data
D:\school\game\gamee\Super-Mario-DX10\Super-Mario-DX10\PlayScence.cpp(212,12): warning C4244: '=': conversion from 'double' to 'float', possible loss of data
D:\school\game\gamee\Super-Mario-DX10\Super-Mario-DX10\PlayScence.cpp(229,19): warning C4101: 'ani_set_of_obj': unreferenced local variable
D:\school\game\gamee\Super-Mario-DX10\Super-Mario-DX10\PlayScence.cpp(467,20): warning C4018: '<': signed/unsigned mismatch
  QuestionBrick.cpp
  main.cpp
D:\school\game\gamee\Super-Mario-DX10\Super-Mario-DX10\main.cpp(144,12): warning C4244: 'initializing': conversion from 'ULONGLONG' to 'DWORD', possible loss of data
  Generating Code...
  Super-Mario-DX10.vcxproj -> D:\school\game\gamee\Super-Mario-DX10\Debug\Super-Mario-DX10.exe
