C:\Program Files (x86)\Microsoft Visual Studio\2019\Community\MSBuild\Microsoft\VC\v160\Microsoft.CppBuild.targets(513,5): warning MSB8028: The intermediate directory (Debug\) contains files shared from another project (05-ScenceManager.vcxproj, 05-SceneManager.vcxproj, SuperMario.vcxproj).  This can lead to incorrect clean and rebuild behavior.
  Coin.cpp
D:\school\game\phatngo_game\SuperMario\Mario.h(77,79): warning C4244: '=': conversion from 'ULONGLONG' to 'DWORD', possible loss of data
  FirePiranhaPlant.cpp
D:\school\game\phatngo_game\SuperMario\Mario.h(77,79): warning C4244: '=': conversion from 'ULONGLONG' to 'DWORD', possible loss of data
  Game.cpp
D:\school\game\phatngo_game\SuperMario\Mario.h(77,79): warning C4244: '=': conversion from 'ULONGLONG' to 'DWORD', possible loss of data
  Goomba.cpp
D:\school\game\phatngo_game\SuperMario\Mario.h(77,79): warning C4244: '=': conversion from 'ULONGLONG' to 'DWORD', possible loss of data
  Mario.cpp
D:\school\game\phatngo_game\SuperMario\Mario.h(77,79): warning C4244: '=': conversion from 'ULONGLONG' to 'DWORD', possible loss of data
  Mushroom.cpp
D:\school\game\phatngo_game\SuperMario\Mario.h(77,79): warning C4244: '=': conversion from 'ULONGLONG' to 'DWORD', possible loss of data
  PlayScence.cpp
D:\school\game\phatngo_game\SuperMario\Mario.h(77,79): warning C4244: '=': conversion from 'ULONGLONG' to 'DWORD', possible loss of data
D:\school\game\phatngo_game\SuperMario\PlayScence.cpp(141,20): warning C4018: '<': signed/unsigned mismatch
D:\school\game\phatngo_game\SuperMario\PlayScence.cpp(164,20): warning C4018: '<': signed/unsigned mismatch
D:\school\game\phatngo_game\SuperMario\PlayScence.cpp(194,11): warning C4244: 'initializing': conversion from 'double' to 'float', possible loss of data
D:\school\game\phatngo_game\SuperMario\PlayScence.cpp(195,11): warning C4244: 'initializing': conversion from 'double' to 'float', possible loss of data
D:\school\game\phatngo_game\SuperMario\PlayScence.cpp(202,19): warning C4101: 'ani_set_of_obj': unreferenced local variable
D:\school\game\phatngo_game\SuperMario\PlayScence.cpp(354,50): warning C4244: 'argument': conversion from 'float' to 'int', possible loss of data
D:\school\game\phatngo_game\SuperMario\PlayScence.cpp(362,20): warning C4018: '<': signed/unsigned mismatch
D:\school\game\phatngo_game\SuperMario\PlayScence.cpp(378,20): warning C4018: '<': signed/unsigned mismatch
  QuestionBrick.cpp
D:\school\game\phatngo_game\SuperMario\Mario.h(77,79): warning C4244: '=': conversion from 'ULONGLONG' to 'DWORD', possible loss of data
  main.cpp
D:\school\game\phatngo_game\SuperMario\Mario.h(77,79): warning C4244: '=': conversion from 'ULONGLONG' to 'DWORD', possible loss of data
  Generating Code...
  05-ScenceManager.vcxproj -> D:\school\game\phatngo_game\SuperMario\Debug\PhatNgo_SuperMarioBros3.exe
