d:\school\game\phatngo_game\supermario\debug\vc142.pdb
d:\school\game\phatngo_game\supermario\debug\vc142.idb
d:\school\game\phatngo_game\supermario\debug\sprites.obj
d:\school\game\phatngo_game\supermario\debug\scence.obj
d:\school\game\phatngo_game\supermario\debug\playscence.obj
d:\school\game\phatngo_game\supermario\debug\goomba.obj
d:\school\game\phatngo_game\supermario\debug\game.obj
d:\school\game\phatngo_game\supermario\debug\portal.obj
d:\school\game\phatngo_game\supermario\debug\koopas.obj
d:\school\game\phatngo_game\supermario\debug\brick.obj
d:\school\game\phatngo_game\supermario\debug\animations.obj
d:\school\game\phatngo_game\supermario\debug\textures.obj
d:\school\game\phatngo_game\supermario\debug\mario.obj
d:\school\game\phatngo_game\supermario\debug\main.obj
d:\school\game\phatngo_game\supermario\debug\gameobject.obj
d:\school\game\phatngo_game\supermario\debug\utils.obj
d:\school\game\phatngo_game\supermario\debug\05-scenemanager.exe
d:\school\game\phatngo_game\supermario\debug\05-scenemanager.ilk
d:\school\game\phatngo_game\supermario\debug\05-scenemanager.pdb
d:\school\game\phatngo_game\supermario\debug\vc141.idb
d:\school\game\phatngo_game\supermario\debug\vc141.pdb
d:\school\game\phatngo_game\supermario\debug\05-scenemanager.tlog\cl.command.1.tlog
d:\school\game\phatngo_game\supermario\debug\05-scenemanager.tlog\cl.read.1.tlog
d:\school\game\phatngo_game\supermario\debug\05-scenemanager.tlog\cl.write.1.tlog
d:\school\game\phatngo_game\supermario\debug\05-scenemanager.tlog\link.command.1.tlog
d:\school\game\phatngo_game\supermario\debug\05-scenemanager.tlog\link.read.1.tlog
d:\school\game\phatngo_game\supermario\debug\05-scenemanager.tlog\link.write.1.tlog
