  Utils.cpp
D:\school\game\phatngo_game - Copy\SuperMario\Utils.cpp(13,27): error C2664: 'void OutputDebugStringA(LPCSTR)': cannot convert argument 1 from 'wchar_t [4096]' to 'LPCSTR'
D:\school\game\phatngo_game - Copy\SuperMario\Utils.cpp(13,20): message : Types pointed to are unrelated; conversion requires reinterpret_cast, C-style cast or function-style cast
C:\Program Files (x86)\Windows Kits\10\Include\10.0.19041.0\um\debugapi.h(55,1): message : see declaration of 'OutputDebugStringA'
  Game.cpp
D:\school\game\phatngo_game - Copy\SuperMario\Mario.h(132,79): warning C4244: '=': conversion from 'ULONGLONG' to 'DWORD', possible loss of data
D:\school\game\phatngo_game - Copy\SuperMario\Game.cpp(235,35): error C2065: 'GWL_HINSTANCE': undeclared identifier
D:\school\game\phatngo_game - Copy\SuperMario\Game.cpp(566,77): error C2664: 'HRESULT D3DX10GetImageInfoFromFileA(LPCSTR,ID3DX10ThreadPump *,D3DX10_IMAGE_INFO *,HRESULT *)': cannot convert argument 1 from 'LPCWSTR' to 'LPCSTR'
D:\school\game\phatngo_game - Copy\SuperMario\Game.cpp(566,42): message : Types pointed to are unrelated; conversion requires reinterpret_cast, C-style cast or function-style cast
D:\school\game\phatngo_game - Copy\packages\Microsoft.DXSDK.D3DX.9.29.952.8\build\native\include\d3dx10tex.h(343,5): message : see declaration of 'D3DX10GetImageInfoFromFileA'
D:\school\game\phatngo_game - Copy\SuperMario\Game.cpp(590,7): error C2664: 'HRESULT D3DX10CreateTextureFromFileA(ID3D10Device *,LPCSTR,D3DX10_IMAGE_LOAD_INFO *,ID3DX10ThreadPump *,ID3D10Resource **,HRESULT *)': cannot convert argument 2 from 'LPCWSTR' to 'LPCSTR'
D:\school\game\phatngo_game - Copy\SuperMario\Game.cpp(591,3): message : Types pointed to are unrelated; conversion requires reinterpret_cast, C-style cast or function-style cast
D:\school\game\phatngo_game - Copy\packages\Microsoft.DXSDK.D3DX.9.29.952.8\build\native\include\d3dx10tex.h(464,5): message : see declaration of 'D3DX10CreateTextureFromFileA'
  GameObject.cpp
D:\school\game\phatngo_game - Copy\SuperMario\Mario.h(132,79): warning C4244: '=': conversion from 'ULONGLONG' to 'DWORD', possible loss of data
D:\school\game\phatngo_game - Copy\SuperMario\GameObject.cpp(133,87): warning C4244: 'argument': conversion from 'int' to 'float', possible loss of data
  main.cpp
D:\school\game\phatngo_game - Copy\SuperMario\Mario.h(132,79): warning C4244: '=': conversion from 'ULONGLONG' to 'DWORD', possible loss of data
D:\school\game\phatngo_game - Copy\SuperMario\main.cpp(92,38): error C2440: '=': cannot convert from 'const wchar_t [13]' to 'LPCSTR'
D:\school\game\phatngo_game - Copy\SuperMario\main.cpp(92,21): message : Types pointed to are unrelated; conversion requires reinterpret_cast, C-style cast or function-style cast
D:\school\game\phatngo_game - Copy\SuperMario\main.cpp(98,1): error C2664: 'HWND CreateWindowExA(DWORD,LPCSTR,LPCSTR,DWORD,int,int,int,int,HWND,HMENU,HINSTANCE,LPVOID)': cannot convert argument 2 from 'const wchar_t [13]' to 'LPCSTR'
D:\school\game\phatngo_game - Copy\SuperMario\main.cpp(98,1): message : Types pointed to are unrelated; conversion requires reinterpret_cast, C-style cast or function-style cast
C:\Program Files (x86)\Windows Kits\10\Include\10.0.19041.0\um\winuser.h(4416,1): message : see declaration of 'CreateWindowExA'
D:\school\game\phatngo_game - Copy\SuperMario\main.cpp(113,51): error C2664: 'void OutputDebugStringA(LPCSTR)': cannot convert argument 1 from 'const wchar_t [28]' to 'LPCSTR'
D:\school\game\phatngo_game - Copy\SuperMario\main.cpp(113,21): message : Types pointed to are unrelated; conversion requires reinterpret_cast, C-style cast or function-style cast
C:\Program Files (x86)\Windows Kits\10\Include\10.0.19041.0\um\debugapi.h(55,1): message : see declaration of 'OutputDebugStringA'
D:\school\game\phatngo_game - Copy\SuperMario\main.cpp(146,12): warning C4244: 'initializing': conversion from 'ULONGLONG' to 'DWORD', possible loss of data
  Mario.cpp
D:\school\game\phatngo_game - Copy\SuperMario\Mario.h(132,79): warning C4244: '=': conversion from 'ULONGLONG' to 'DWORD', possible loss of data
  Textures.cpp
D:\school\game\phatngo_game - Copy\SuperMario\Mario.h(132,79): warning C4244: '=': conversion from 'ULONGLONG' to 'DWORD', possible loss of data
  Generating Code...
